<?xml version="1.0" encoding="UTF-8"?>
<!-- Generated by org.testng.reporters.JUnitXMLReporter -->
<testsuite ignored="4" hostname="DESKTOP-D6KRFC3" failures="0" tests="5" name="Test" time="57.012" errors="0" timestamp="2024-11-17T20:56:07 IST">
  <testcase classname="Sim_automation.LoginCreation" name="invalidEmailForm" time="8.694"/>
  <testcase classname="Sim_automation.LoginCreation" name="invalidPass" time="11.236"/>
  <testcase classname="Sim_automation.LoginCreation" name="loginForm" time="12.894"/>
  <testcase classname="Sim_automation.SendEmail" name="sendEmail" time="9.89"/>
  <testcase classname="Sim_automation.SendEmail" name="withoutRecepeintEmail" time="3.256"/>
  <testcase classname="browserSetup_Login.BrowserOpen" name="@BeforeSuite reportGenerate" time="0.0">
    <ignored/>
  </testcase> <!-- @BeforeSuite reportGenerate -->
  <testcase classname="browserSetup_Login.BrowserOpen" name="@AfterTest closeBrowser" time="0.0">
    <ignored/>
  </testcase> <!-- @AfterTest closeBrowser -->
  <testcase classname="browserSetup_Login.BrowserOpen" name="@BeforeTest browserOpen" time="0.0">
    <ignored/>
  </testcase> <!-- @BeforeTest browserOpen -->
  <testcase classname="browserSetup_Login.BrowserOpen" name="@AfterSuite endReport" time="0.0">
    <ignored/>
  </testcase> <!-- @AfterSuite endReport -->
</testsuite> <!-- Test -->
